DEBUG - 2026-04-15 14:37:55 --> Session: Class initialized using 'CodeIgniter\Session\Handlers\FileHandler' driver.
DEBUG - 2026-04-15 14:38:04 --> Session: Class initialized using 'CodeIgniter\Session\Handlers\FileHandler' driver.
DEBUG - 2026-04-15 14:38:04 --> Session: Class initialized using 'CodeIgniter\Session\Handlers\FileHandler' driver.
ERROR - 2026-04-15 15:26:29 --> Can't create table `stockdb`.`movimientos_stock` (errno: 150 "Foreign key constraint is incorrectly formed")
in SYSTEMPATH\Database\MySQLi\Connection.php on line 300.
 1 SYSTEMPATH\Database\MySQLi\Connection.php(300): mysqli->query('CREATE TABLE `movimientos_stock` (
	`id` INT(11) UNSIGNED NOT NULL AUTO_INCREMENT,
	`producto_id` INT(11) UNSIGNED NOT NULL,
	`usuario_id` INT(11) UNSIGNED NOT NULL,
	`tipo_movimiento` VARCHAR(20) NOT NULL,
	`cantidad` INT(11) NOT NULL,
	`motivo` VARCHAR(150) NULL,
	`observacion` TEXT NULL,
	`created_at` DATETIME NULL,
	CONSTRAINT `pk_movimientos_stock` PRIMARY KEY(`id`),
	CONSTRAINT `movimientos_stock_producto_id_foreign` FOREIGN KEY (`producto_id`) REFERENCES `productos`(`id`) ON DELETE RESTRICT ON UPDATE CASCADE,
	CONSTRAINT `movimientos_stock_usuario_id_foreign` FOREIGN KEY (`usuario_id`) REFERENCES `usuarios`(`id`) ON DELETE RESTRICT ON UPDATE CASCADE,
	KEY `producto_id` (`producto_id`),
	KEY `usuario_id` (`usuario_id`)
) DEFAULT CHARACTER SET = utf8mb4 COLLATE = utf8mb4_general_ci', 0)
 2 SYSTEMPATH\Database\BaseConnection.php(910): CodeIgniter\Database\MySQLi\Connection->execute('CREATE TABLE `movimientos_stock` (
	`id` INT(11) UNSIGNED NOT NULL AUTO_INCREMENT,
	`producto_id` INT(11) UNSIGNED NOT NULL,
	`usuario_id` INT(11) UNSIGNED NOT NULL,
	`tipo_movimiento` VARCHAR(20) NOT NULL,
	`cantidad` INT(11) NOT NULL,
	`motivo` VARCHAR(150) NULL,
	`observacion` TEXT NULL,
	`created_at` DATETIME NULL,
	CONSTRAINT `pk_movimientos_stock` PRIMARY KEY(`id`),
	CONSTRAINT `movimientos_stock_producto_id_foreign` FOREIGN KEY (`producto_id`) REFERENCES `productos`(`id`) ON DELETE RESTRICT ON UPDATE CASCADE,
	CONSTRAINT `movimientos_stock_usuario_id_foreign` FOREIGN KEY (`usuario_id`) REFERENCES `usuarios`(`id`) ON DELETE RESTRICT ON UPDATE CASCADE,
	KEY `producto_id` (`producto_id`),
	KEY `usuario_id` (`usuario_id`)
) DEFAULT CHARACTER SET = utf8mb4 COLLATE = utf8mb4_general_ci')
 3 SYSTEMPATH\Database\BaseConnection.php(827): CodeIgniter\Database\BaseConnection->simpleQuery('CREATE TABLE `movimientos_stock` (
	`id` INT(11) UNSIGNED NOT NULL AUTO_INCREMENT,
	`producto_id` INT(11) UNSIGNED NOT NULL,
	`usuario_id` INT(11) UNSIGNED NOT NULL,
	`tipo_movimiento` VARCHAR(20) NOT NULL,
	`cantidad` INT(11) NOT NULL,
	`motivo` VARCHAR(150) NULL,
	`observacion` TEXT NULL,
	`created_at` DATETIME NULL,
	CONSTRAINT `pk_movimientos_stock` PRIMARY KEY(`id`),
	CONSTRAINT `movimientos_stock_producto_id_foreign` FOREIGN KEY (`producto_id`) REFERENCES `productos`(`id`) ON DELETE RESTRICT ON UPDATE CASCADE,
	CONSTRAINT `movimientos_stock_usuario_id_foreign` FOREIGN KEY (`usuario_id`) REFERENCES `usuarios`(`id`) ON DELETE RESTRICT ON UPDATE CASCADE,
	KEY `producto_id` (`producto_id`),
	KEY `usuario_id` (`usuario_id`)
) DEFAULT CHARACTER SET = utf8mb4 COLLATE = utf8mb4_general_ci')
 4 SYSTEMPATH\Database\Forge.php(570): CodeIgniter\Database\BaseConnection->query('CREATE TABLE `movimientos_stock` (
	`id` INT(11) UNSIGNED NOT NULL AUTO_INCREMENT,
	`producto_id` INT(11) UNSIGNED NOT NULL,
	`usuario_id` INT(11) UNSIGNED NOT NULL,
	`tipo_movimiento` VARCHAR(20) NOT NULL,
	`cantidad` INT(11) NOT NULL,
	`motivo` VARCHAR(150) NULL,
	`observacion` TEXT NULL,
	`created_at` DATETIME NULL,
	CONSTRAINT `pk_movimientos_stock` PRIMARY KEY(`id`),
	CONSTRAINT `movimientos_stock_producto_id_foreign` FOREIGN KEY (`producto_id`) REFERENCES `productos`(`id`) ON DELETE RESTRICT ON UPDATE CASCADE,
	CONSTRAINT `movimientos_stock_usuario_id_foreign` FOREIGN KEY (`usuario_id`) REFERENCES `usuarios`(`id`) ON DELETE RESTRICT ON UPDATE CASCADE,
	KEY `producto_id` (`producto_id`),
	KEY `usuario_id` (`usuario_id`)
) DEFAULT CHARACTER SET = utf8mb4 COLLATE = utf8mb4_general_ci')
 5 APPPATH\Database\Migrations\2026-04-15-152602_CreateMovimientosStock.php(58): CodeIgniter\Database\Forge->createTable('movimientos_stock')
 6 SYSTEMPATH\Database\MigrationRunner.php(1014): App\Database\Migrations\CreateMovimientosStock->up()
 7 SYSTEMPATH\Database\MigrationRunner.php(202): CodeIgniter\Database\MigrationRunner->migrate('up', Object(stdClass))
 8 SYSTEMPATH\Commands\Database\Migrate.php(89): CodeIgniter\Database\MigrationRunner->latest(null)
 9 SYSTEMPATH\CLI\SignalTrait.php(245): CodeIgniter\Commands\Database\Migrate::CodeIgniter\Commands\Database\{closure}()
10 SYSTEMPATH\Commands\Database\Migrate.php(88): CodeIgniter\Commands\Database\Migrate->withSignalsBlocked(Object(Closure))
11 SYSTEMPATH\CLI\Commands.php(74): CodeIgniter\Commands\Database\Migrate->run([])
12 SYSTEMPATH\CLI\Console.php(47): CodeIgniter\CLI\Commands->run('migrate', [])
13 SYSTEMPATH\Boot.php(442): CodeIgniter\CLI\Console->run()
14 SYSTEMPATH\Boot.php(166): CodeIgniter\Boot::runCommand(Object(CodeIgniter\CLI\Console))
15 ROOTPATH\spark(87): CodeIgniter\Boot::bootSpark(Object(Config\Paths))
DEBUG - 2026-04-15 15:27:50 --> Session: Class initialized using 'CodeIgniter\Session\Handlers\FileHandler' driver.
DEBUG - 2026-04-15 15:27:52 --> Session: Class initialized using 'CodeIgniter\Session\Handlers\FileHandler' driver.
DEBUG - 2026-04-15 15:27:54 --> Session: Class initialized using 'CodeIgniter\Session\Handlers\FileHandler' driver.
DEBUG - 2026-04-15 15:27:58 --> Session: Class initialized using 'CodeIgniter\Session\Handlers\FileHandler' driver.
DEBUG - 2026-04-15 15:28:00 --> Session: Class initialized using 'CodeIgniter\Session\Handlers\FileHandler' driver.
DEBUG - 2026-04-15 15:28:01 --> Session: Class initialized using 'CodeIgniter\Session\Handlers\FileHandler' driver.
DEBUG - 2026-04-15 15:28:03 --> Session: Class initialized using 'CodeIgniter\Session\Handlers\FileHandler' driver.
DEBUG - 2026-04-15 15:28:44 --> Session: Class initialized using 'CodeIgniter\Session\Handlers\FileHandler' driver.
DEBUG - 2026-04-15 15:28:44 --> Session: Class initialized using 'CodeIgniter\Session\Handlers\FileHandler' driver.
DEBUG - 2026-04-15 15:28:50 --> Session: Class initialized using 'CodeIgniter\Session\Handlers\FileHandler' driver.
DEBUG - 2026-04-15 15:29:13 --> Session: Class initialized using 'CodeIgniter\Session\Handlers\FileHandler' driver.
DEBUG - 2026-04-15 15:29:14 --> Session: Class initialized using 'CodeIgniter\Session\Handlers\FileHandler' driver.
DEBUG - 2026-04-15 15:29:19 --> Session: Class initialized using 'CodeIgniter\Session\Handlers\FileHandler' driver.
DEBUG - 2026-04-15 15:29:50 --> Session: Class initialized using 'CodeIgniter\Session\Handlers\FileHandler' driver.
DEBUG - 2026-04-15 15:29:50 --> Session: Class initialized using 'CodeIgniter\Session\Handlers\FileHandler' driver.
DEBUG - 2026-04-15 15:29:54 --> Session: Class initialized using 'CodeIgniter\Session\Handlers\FileHandler' driver.
DEBUG - 2026-04-15 15:30:20 --> Session: Class initialized using 'CodeIgniter\Session\Handlers\FileHandler' driver.
DEBUG - 2026-04-15 15:30:21 --> Session: Class initialized using 'CodeIgniter\Session\Handlers\FileHandler' driver.
DEBUG - 2026-04-15 15:30:38 --> Session: Class initialized using 'CodeIgniter\Session\Handlers\FileHandler' driver.
DEBUG - 2026-04-15 15:31:04 --> Session: Class initialized using 'CodeIgniter\Session\Handlers\FileHandler' driver.
DEBUG - 2026-04-15 15:31:04 --> Session: Class initialized using 'CodeIgniter\Session\Handlers\FileHandler' driver.
DEBUG - 2026-04-15 15:31:24 --> Session: Class initialized using 'CodeIgniter\Session\Handlers\FileHandler' driver.
DEBUG - 2026-04-15 15:31:53 --> Session: Class initialized using 'CodeIgniter\Session\Handlers\FileHandler' driver.
DEBUG - 2026-04-15 15:31:53 --> Session: Class initialized using 'CodeIgniter\Session\Handlers\FileHandler' driver.
DEBUG - 2026-04-15 15:32:22 --> Session: Class initialized using 'CodeIgniter\Session\Handlers\FileHandler' driver.
DEBUG - 2026-04-15 15:32:25 --> Session: Class initialized using 'CodeIgniter\Session\Handlers\FileHandler' driver.
DEBUG - 2026-04-15 15:32:28 --> Session: Class initialized using 'CodeIgniter\Session\Handlers\FileHandler' driver.
DEBUG - 2026-04-15 15:32:51 --> Session: Class initialized using 'CodeIgniter\Session\Handlers\FileHandler' driver.
DEBUG - 2026-04-15 15:32:51 --> Session: Class initialized using 'CodeIgniter\Session\Handlers\FileHandler' driver.
DEBUG - 2026-04-15 15:32:54 --> Session: Class initialized using 'CodeIgniter\Session\Handlers\FileHandler' driver.
DEBUG - 2026-04-15 15:33:14 --> Session: Class initialized using 'CodeIgniter\Session\Handlers\FileHandler' driver.
DEBUG - 2026-04-15 15:33:14 --> Session: Class initialized using 'CodeIgniter\Session\Handlers\FileHandler' driver.
DEBUG - 2026-04-15 15:33:20 --> Session: Class initialized using 'CodeIgniter\Session\Handlers\FileHandler' driver.
DEBUG - 2026-04-15 15:33:26 --> Session: Class initialized using 'CodeIgniter\Session\Handlers\FileHandler' driver.
DEBUG - 2026-04-15 15:33:29 --> Session: Class initialized using 'CodeIgniter\Session\Handlers\FileHandler' driver.
DEBUG - 2026-04-15 15:33:30 --> Session: Class initialized using 'CodeIgniter\Session\Handlers\FileHandler' driver.
DEBUG - 2026-04-15 15:33:39 --> Session: Class initialized using 'CodeIgniter\Session\Handlers\FileHandler' driver.
DEBUG - 2026-04-15 15:33:51 --> Session: Class initialized using 'CodeIgniter\Session\Handlers\FileHandler' driver.
DEBUG - 2026-04-15 15:33:51 --> Session: Class initialized using 'CodeIgniter\Session\Handlers\FileHandler' driver.
DEBUG - 2026-04-15 15:33:53 --> Session: Class initialized using 'CodeIgniter\Session\Handlers\FileHandler' driver.
DEBUG - 2026-04-15 15:34:11 --> Session: Class initialized using 'CodeIgniter\Session\Handlers\FileHandler' driver.
DEBUG - 2026-04-15 15:34:11 --> Session: Class initialized using 'CodeIgniter\Session\Handlers\FileHandler' driver.
DEBUG - 2026-04-15 15:34:12 --> Session: Class initialized using 'CodeIgniter\Session\Handlers\FileHandler' driver.
DEBUG - 2026-04-15 15:34:24 --> Session: Class initialized using 'CodeIgniter\Session\Handlers\FileHandler' driver.
DEBUG - 2026-04-15 15:34:24 --> Session: Class initialized using 'CodeIgniter\Session\Handlers\FileHandler' driver.
DEBUG - 2026-04-15 15:34:25 --> Session: Class initialized using 'CodeIgniter\Session\Handlers\FileHandler' driver.
DEBUG - 2026-04-15 15:34:26 --> Session: Class initialized using 'CodeIgniter\Session\Handlers\FileHandler' driver.
DEBUG - 2026-04-15 15:34:28 --> Session: Class initialized using 'CodeIgniter\Session\Handlers\FileHandler' driver.
ERROR - 2026-04-15 15:35:18 --> Can't create table `stockdb`.`movimientos_stock` (errno: 150 "Foreign key constraint is incorrectly formed")
in SYSTEMPATH\Database\MySQLi\Connection.php on line 300.
 1 SYSTEMPATH\Database\MySQLi\Connection.php(300): mysqli->query('CREATE TABLE `movimientos_stock` (
	`id` INT(11) UNSIGNED NOT NULL AUTO_INCREMENT,
	`producto_id` INT(11) UNSIGNED NOT NULL,
	`usuario_id` INT(11) UNSIGNED NOT NULL,
	`tipo_movimiento` VARCHAR(20) NOT NULL,
	`cantidad` INT(11) NOT NULL,
	`motivo` VARCHAR(150) NULL,
	`observacion` TEXT NULL,
	`created_at` DATETIME NULL,
	CONSTRAINT `pk_movimientos_stock` PRIMARY KEY(`id`),
	CONSTRAINT `movimientos_stock_producto_id_foreign` FOREIGN KEY (`producto_id`) REFERENCES `productos`(`id`) ON DELETE RESTRICT ON UPDATE CASCADE,
	CONSTRAINT `movimientos_stock_usuario_id_foreign` FOREIGN KEY (`usuario_id`) REFERENCES `usuarios`(`id`) ON DELETE RESTRICT ON UPDATE CASCADE,
	KEY `producto_id` (`producto_id`),
	KEY `usuario_id` (`usuario_id`)
) DEFAULT CHARACTER SET = utf8mb4 COLLATE = utf8mb4_general_ci', 0)
 2 SYSTEMPATH\Database\BaseConnection.php(910): CodeIgniter\Database\MySQLi\Connection->execute('CREATE TABLE `movimientos_stock` (
	`id` INT(11) UNSIGNED NOT NULL AUTO_INCREMENT,
	`producto_id` INT(11) UNSIGNED NOT NULL,
	`usuario_id` INT(11) UNSIGNED NOT NULL,
	`tipo_movimiento` VARCHAR(20) NOT NULL,
	`cantidad` INT(11) NOT NULL,
	`motivo` VARCHAR(150) NULL,
	`observacion` TEXT NULL,
	`created_at` DATETIME NULL,
	CONSTRAINT `pk_movimientos_stock` PRIMARY KEY(`id`),
	CONSTRAINT `movimientos_stock_producto_id_foreign` FOREIGN KEY (`producto_id`) REFERENCES `productos`(`id`) ON DELETE RESTRICT ON UPDATE CASCADE,
	CONSTRAINT `movimientos_stock_usuario_id_foreign` FOREIGN KEY (`usuario_id`) REFERENCES `usuarios`(`id`) ON DELETE RESTRICT ON UPDATE CASCADE,
	KEY `producto_id` (`producto_id`),
	KEY `usuario_id` (`usuario_id`)
) DEFAULT CHARACTER SET = utf8mb4 COLLATE = utf8mb4_general_ci')
 3 SYSTEMPATH\Database\BaseConnection.php(827): CodeIgniter\Database\BaseConnection->simpleQuery('CREATE TABLE `movimientos_stock` (
	`id` INT(11) UNSIGNED NOT NULL AUTO_INCREMENT,
	`producto_id` INT(11) UNSIGNED NOT NULL,
	`usuario_id` INT(11) UNSIGNED NOT NULL,
	`tipo_movimiento` VARCHAR(20) NOT NULL,
	`cantidad` INT(11) NOT NULL,
	`motivo` VARCHAR(150) NULL,
	`observacion` TEXT NULL,
	`created_at` DATETIME NULL,
	CONSTRAINT `pk_movimientos_stock` PRIMARY KEY(`id`),
	CONSTRAINT `movimientos_stock_producto_id_foreign` FOREIGN KEY (`producto_id`) REFERENCES `productos`(`id`) ON DELETE RESTRICT ON UPDATE CASCADE,
	CONSTRAINT `movimientos_stock_usuario_id_foreign` FOREIGN KEY (`usuario_id`) REFERENCES `usuarios`(`id`) ON DELETE RESTRICT ON UPDATE CASCADE,
	KEY `producto_id` (`producto_id`),
	KEY `usuario_id` (`usuario_id`)
) DEFAULT CHARACTER SET = utf8mb4 COLLATE = utf8mb4_general_ci')
 4 SYSTEMPATH\Database\Forge.php(570): CodeIgniter\Database\BaseConnection->query('CREATE TABLE `movimientos_stock` (
	`id` INT(11) UNSIGNED NOT NULL AUTO_INCREMENT,
	`producto_id` INT(11) UNSIGNED NOT NULL,
	`usuario_id` INT(11) UNSIGNED NOT NULL,
	`tipo_movimiento` VARCHAR(20) NOT NULL,
	`cantidad` INT(11) NOT NULL,
	`motivo` VARCHAR(150) NULL,
	`observacion` TEXT NULL,
	`created_at` DATETIME NULL,
	CONSTRAINT `pk_movimientos_stock` PRIMARY KEY(`id`),
	CONSTRAINT `movimientos_stock_producto_id_foreign` FOREIGN KEY (`producto_id`) REFERENCES `productos`(`id`) ON DELETE RESTRICT ON UPDATE CASCADE,
	CONSTRAINT `movimientos_stock_usuario_id_foreign` FOREIGN KEY (`usuario_id`) REFERENCES `usuarios`(`id`) ON DELETE RESTRICT ON UPDATE CASCADE,
	KEY `producto_id` (`producto_id`),
	KEY `usuario_id` (`usuario_id`)
) DEFAULT CHARACTER SET = utf8mb4 COLLATE = utf8mb4_general_ci')
 5 APPPATH\Database\Migrations\2026-04-15-152602_CreateMovimientosStock.php(58): CodeIgniter\Database\Forge->createTable('movimientos_stock')
 6 SYSTEMPATH\Database\MigrationRunner.php(1014): App\Database\Migrations\CreateMovimientosStock->up()
 7 SYSTEMPATH\Database\MigrationRunner.php(202): CodeIgniter\Database\MigrationRunner->migrate('up', Object(stdClass))
 8 SYSTEMPATH\Commands\Database\Migrate.php(89): CodeIgniter\Database\MigrationRunner->latest(null)
 9 SYSTEMPATH\CLI\SignalTrait.php(245): CodeIgniter\Commands\Database\Migrate::CodeIgniter\Commands\Database\{closure}()
10 SYSTEMPATH\Commands\Database\Migrate.php(88): CodeIgniter\Commands\Database\Migrate->withSignalsBlocked(Object(Closure))
11 SYSTEMPATH\CLI\Commands.php(74): CodeIgniter\Commands\Database\Migrate->run([])
12 SYSTEMPATH\CLI\Console.php(47): CodeIgniter\CLI\Commands->run('migrate', [])
13 SYSTEMPATH\Boot.php(442): CodeIgniter\CLI\Console->run()
14 SYSTEMPATH\Boot.php(166): CodeIgniter\Boot::runCommand(Object(CodeIgniter\CLI\Console))
15 ROOTPATH\spark(87): CodeIgniter\Boot::bootSpark(Object(Config\Paths))
ERROR - 2026-04-15 15:39:16 --> Can't create table `stockdb`.`movimientos_stock` (errno: 150 "Foreign key constraint is incorrectly formed")
in SYSTEMPATH\Database\MySQLi\Connection.php on line 300.
 1 SYSTEMPATH\Database\MySQLi\Connection.php(300): mysqli->query('CREATE TABLE `movimientos_stock` (
	`id` INT(11) UNSIGNED NOT NULL AUTO_INCREMENT,
	`producto_id` INT(11) UNSIGNED NOT NULL,
	`usuario_id` INT(11) UNSIGNED NOT NULL,
	`tipo_movimiento` VARCHAR(20) NOT NULL,
	`cantidad` INT(11) NOT NULL,
	`motivo` VARCHAR(150) NULL,
	`observacion` TEXT NULL,
	`created_at` DATETIME NULL,
	CONSTRAINT `pk_movimientos_stock` PRIMARY KEY(`id`),
	CONSTRAINT `movimientos_stock_producto_id_foreign` FOREIGN KEY (`producto_id`) REFERENCES `productos`(`id`) ON DELETE RESTRICT ON UPDATE CASCADE,
	CONSTRAINT `movimientos_stock_usuario_id_foreign` FOREIGN KEY (`usuario_id`) REFERENCES `usuarios`(`id`) ON DELETE RESTRICT ON UPDATE CASCADE,
	KEY `producto_id` (`producto_id`),
	KEY `usuario_id` (`usuario_id`)
) DEFAULT CHARACTER SET = utf8mb4 COLLATE = utf8mb4_general_ci', 0)
 2 SYSTEMPATH\Database\BaseConnection.php(910): CodeIgniter\Database\MySQLi\Connection->execute('CREATE TABLE `movimientos_stock` (
	`id` INT(11) UNSIGNED NOT NULL AUTO_INCREMENT,
	`producto_id` INT(11) UNSIGNED NOT NULL,
	`usuario_id` INT(11) UNSIGNED NOT NULL,
	`tipo_movimiento` VARCHAR(20) NOT NULL,
	`cantidad` INT(11) NOT NULL,
	`motivo` VARCHAR(150) NULL,
	`observacion` TEXT NULL,
	`created_at` DATETIME NULL,
	CONSTRAINT `pk_movimientos_stock` PRIMARY KEY(`id`),
	CONSTRAINT `movimientos_stock_producto_id_foreign` FOREIGN KEY (`producto_id`) REFERENCES `productos`(`id`) ON DELETE RESTRICT ON UPDATE CASCADE,
	CONSTRAINT `movimientos_stock_usuario_id_foreign` FOREIGN KEY (`usuario_id`) REFERENCES `usuarios`(`id`) ON DELETE RESTRICT ON UPDATE CASCADE,
	KEY `producto_id` (`producto_id`),
	KEY `usuario_id` (`usuario_id`)
) DEFAULT CHARACTER SET = utf8mb4 COLLATE = utf8mb4_general_ci')
 3 SYSTEMPATH\Database\BaseConnection.php(827): CodeIgniter\Database\BaseConnection->simpleQuery('CREATE TABLE `movimientos_stock` (
	`id` INT(11) UNSIGNED NOT NULL AUTO_INCREMENT,
	`producto_id` INT(11) UNSIGNED NOT NULL,
	`usuario_id` INT(11) UNSIGNED NOT NULL,
	`tipo_movimiento` VARCHAR(20) NOT NULL,
	`cantidad` INT(11) NOT NULL,
	`motivo` VARCHAR(150) NULL,
	`observacion` TEXT NULL,
	`created_at` DATETIME NULL,
	CONSTRAINT `pk_movimientos_stock` PRIMARY KEY(`id`),
	CONSTRAINT `movimientos_stock_producto_id_foreign` FOREIGN KEY (`producto_id`) REFERENCES `productos`(`id`) ON DELETE RESTRICT ON UPDATE CASCADE,
	CONSTRAINT `movimientos_stock_usuario_id_foreign` FOREIGN KEY (`usuario_id`) REFERENCES `usuarios`(`id`) ON DELETE RESTRICT ON UPDATE CASCADE,
	KEY `producto_id` (`producto_id`),
	KEY `usuario_id` (`usuario_id`)
) DEFAULT CHARACTER SET = utf8mb4 COLLATE = utf8mb4_general_ci')
 4 SYSTEMPATH\Database\Forge.php(570): CodeIgniter\Database\BaseConnection->query('CREATE TABLE `movimientos_stock` (
	`id` INT(11) UNSIGNED NOT NULL AUTO_INCREMENT,
	`producto_id` INT(11) UNSIGNED NOT NULL,
	`usuario_id` INT(11) UNSIGNED NOT NULL,
	`tipo_movimiento` VARCHAR(20) NOT NULL,
	`cantidad` INT(11) NOT NULL,
	`motivo` VARCHAR(150) NULL,
	`observacion` TEXT NULL,
	`created_at` DATETIME NULL,
	CONSTRAINT `pk_movimientos_stock` PRIMARY KEY(`id`),
	CONSTRAINT `movimientos_stock_producto_id_foreign` FOREIGN KEY (`producto_id`) REFERENCES `productos`(`id`) ON DELETE RESTRICT ON UPDATE CASCADE,
	CONSTRAINT `movimientos_stock_usuario_id_foreign` FOREIGN KEY (`usuario_id`) REFERENCES `usuarios`(`id`) ON DELETE RESTRICT ON UPDATE CASCADE,
	KEY `producto_id` (`producto_id`),
	KEY `usuario_id` (`usuario_id`)
) DEFAULT CHARACTER SET = utf8mb4 COLLATE = utf8mb4_general_ci')
 5 APPPATH\Database\Migrations\2026-04-15-152602_CreateMovimientosStock.php(58): CodeIgniter\Database\Forge->createTable('movimientos_stock')
 6 SYSTEMPATH\Database\MigrationRunner.php(1014): App\Database\Migrations\CreateMovimientosStock->up()
 7 SYSTEMPATH\Database\MigrationRunner.php(202): CodeIgniter\Database\MigrationRunner->migrate('up', Object(stdClass))
 8 SYSTEMPATH\Commands\Database\Migrate.php(89): CodeIgniter\Database\MigrationRunner->latest(null)
 9 SYSTEMPATH\CLI\SignalTrait.php(245): CodeIgniter\Commands\Database\Migrate::CodeIgniter\Commands\Database\{closure}()
10 SYSTEMPATH\Commands\Database\Migrate.php(88): CodeIgniter\Commands\Database\Migrate->withSignalsBlocked(Object(Closure))
11 SYSTEMPATH\CLI\Commands.php(74): CodeIgniter\Commands\Database\Migrate->run([])
12 SYSTEMPATH\CLI\Console.php(47): CodeIgniter\CLI\Commands->run('migrate', [])
13 SYSTEMPATH\Boot.php(442): CodeIgniter\CLI\Console->run()
14 SYSTEMPATH\Boot.php(166): CodeIgniter\Boot::runCommand(Object(CodeIgniter\CLI\Console))
15 ROOTPATH\spark(87): CodeIgniter\Boot::bootSpark(Object(Config\Paths))
DEBUG - 2026-04-15 21:19:41 --> Session: Class initialized using 'CodeIgniter\Session\Handlers\FileHandler' driver.
DEBUG - 2026-04-15 21:19:55 --> Session: Class initialized using 'CodeIgniter\Session\Handlers\FileHandler' driver.
DEBUG - 2026-04-15 21:19:55 --> Session: Class initialized using 'CodeIgniter\Session\Handlers\FileHandler' driver.
DEBUG - 2026-04-15 21:19:58 --> Session: Class initialized using 'CodeIgniter\Session\Handlers\FileHandler' driver.
DEBUG - 2026-04-15 21:19:59 --> Session: Class initialized using 'CodeIgniter\Session\Handlers\FileHandler' driver.
DEBUG - 2026-04-15 21:21:44 --> Session: Class initialized using 'CodeIgniter\Session\Handlers\FileHandler' driver.
DEBUG - 2026-04-15 21:21:46 --> Session: Class initialized using 'CodeIgniter\Session\Handlers\FileHandler' driver.
DEBUG - 2026-04-15 21:21:47 --> Session: Class initialized using 'CodeIgniter\Session\Handlers\FileHandler' driver.
DEBUG - 2026-04-15 21:21:51 --> Session: Class initialized using 'CodeIgniter\Session\Handlers\FileHandler' driver.
DEBUG - 2026-04-15 21:23:54 --> Session: Class initialized using 'CodeIgniter\Session\Handlers\FileHandler' driver.
DEBUG - 2026-04-15 21:23:54 --> Session: Class initialized using 'CodeIgniter\Session\Handlers\FileHandler' driver.
DEBUG - 2026-04-15 21:24:08 --> Session: Class initialized using 'CodeIgniter\Session\Handlers\FileHandler' driver.
DEBUG - 2026-04-15 21:24:13 --> Session: Class initialized using 'CodeIgniter\Session\Handlers\FileHandler' driver.
DEBUG - 2026-04-15 21:25:57 --> Session: Class initialized using 'CodeIgniter\Session\Handlers\FileHandler' driver.
DEBUG - 2026-04-15 22:36:13 --> Session: Class initialized using 'CodeIgniter\Session\Handlers\FileHandler' driver.
DEBUG - 2026-04-15 22:56:38 --> Session: Class initialized using 'CodeIgniter\Session\Handlers\FileHandler' driver.
DEBUG - 2026-04-15 22:56:40 --> Session: Class initialized using 'CodeIgniter\Session\Handlers\FileHandler' driver.
DEBUG - 2026-04-15 22:56:43 --> Session: Class initialized using 'CodeIgniter\Session\Handlers\FileHandler' driver.
DEBUG - 2026-04-15 22:58:27 --> Session: Class initialized using 'CodeIgniter\Session\Handlers\FileHandler' driver.
DEBUG - 2026-04-15 22:58:27 --> Session: Class initialized using 'CodeIgniter\Session\Handlers\FileHandler' driver.
DEBUG - 2026-04-15 22:58:34 --> Session: Class initialized using 'CodeIgniter\Session\Handlers\FileHandler' driver.
DEBUG - 2026-04-15 22:58:38 --> Session: Class initialized using 'CodeIgniter\Session\Handlers\FileHandler' driver.
DEBUG - 2026-04-15 22:59:11 --> Session: Class initialized using 'CodeIgniter\Session\Handlers\FileHandler' driver.
DEBUG - 2026-04-15 23:00:28 --> Session: Class initialized using 'CodeIgniter\Session\Handlers\FileHandler' driver.
DEBUG - 2026-04-15 23:00:28 --> Session: Class initialized using 'CodeIgniter\Session\Handlers\FileHandler' driver.
DEBUG - 2026-04-15 23:00:31 --> Session: Class initialized using 'CodeIgniter\Session\Handlers\FileHandler' driver.
